17:44:18.763 [main] INFO  Logging.WPLogger - [Data.DataManager][LoadConf] Trying to load data configuration from file: [../conf/FIPWebREGIONI.json]
17:44:18.779 [main] ERROR Logging.WPLogger - [Data.DataManager][LoadConf] FAILED - File not found exception : FILE [../conf/FIPWebREGIONI.json]
17:44:18.780 [main] INFO  Logging.WPLogger - [Data.DataManager][LoadConf] Load data configuration complete
17:45:13.880 [main] INFO  Logging.WPLogger - [Data.DataManager][LoadConf] Trying to load data configuration from file: [../conf/FIPWebREGIONI.json]
17:45:13.895 [main] ERROR Logging.WPLogger - [Data.DataManager][LoadConf] FAILED - File not found exception : FILE [../conf/FIPWebREGIONI.json]
17:45:13.895 [main] INFO  Logging.WPLogger - [Data.DataManager][LoadConf] Load data configuration complete
17:45:36.745 [main] INFO  Logging.WPLogger - [Data.DataManager][LoadConf] Trying to load data configuration from file: [./conf/FIPWebREGIONI.json]
17:55:33.095 [main] INFO  Logging.WPLogger - [Data.DataManager][LoadConf] Trying to load data configuration from file: [./conf/FIPWebREGIONI.json]
17:56:38.286 [main] INFO  Logging.WPLogger - [Data.DataManager][LoadConf] Trying to load data configuration from file: [./conf/FIPWebREGIONI.json]
09:55:26.026 [main] INFO  Logging.WPLogger - [Data.DataManager][LoadConf] Trying to load data configuration from file: [./conf/FIPWebREGIONI.json]
09:55:26.069 [main] ERROR Logging.WPLogger - [Data.DataManager][LoadConf] FAILED - Parse Exception : FILE [./conf/FIPWebREGIONI.json]
09:55:26.069 [main] INFO  Logging.WPLogger - [Data.DataManager][LoadConf] Load data configuration complete
09:56:14.129 [main] INFO  Logging.WPLogger - [Data.DataManager][LoadConf] Trying to load data configuration from file: [./conf/FIPWebREGIONI.json]
09:56:14.135 [main] ERROR Logging.WPLogger - [Data.DataManager][LoadConf] FAILED - Parse Exception : FILE [./conf/FIPWebREGIONI.json]
09:56:14.135 [main] INFO  Logging.WPLogger - [Data.DataManager][LoadConf] Load data configuration complete
09:56:56.819 [main] INFO  Logging.WPLogger - [Data.DataManager][LoadConf] Trying to load data configuration from file: [./conf/FIPWebREGIONI.json]
09:56:56.828 [main] ERROR Logging.WPLogger - [Data.DataManager][LoadConf] FAILED - Parse Exception : FILE [./conf/FIPWebREGIONI.json]
09:56:56.828 [main] INFO  Logging.WPLogger - [Data.DataManager][LoadConf] Load data configuration complete
10:06:16.104 [main] INFO  Logging.WPLogger - [Data.DataManager][LoadConf] Trying to load data configuration from file: [./conf/FIPWebREGIONI.json]
10:06:16.136 [main] ERROR Logging.WPLogger - [Data.DataManager][LoadConf] FAILED - Parse Exception : FILE [./conf/FIPWebREGIONI.json]
10:06:16.136 [main] INFO  Logging.WPLogger - [Data.DataManager][LoadConf] Load data configuration complete
10:06:32.340 [main] INFO  Logging.WPLogger - [Data.DataManager][LoadConf] Trying to load data configuration from file: [.\conf\FIPWebREGIONI.json]
10:06:32.347 [main] ERROR Logging.WPLogger - [Data.DataManager][LoadConf] FAILED - Parse Exception : FILE [.\conf\FIPWebREGIONI.json]
10:06:32.348 [main] INFO  Logging.WPLogger - [Data.DataManager][LoadConf] Load data configuration complete
10:06:39.959 [main] INFO  Logging.WPLogger - [Data.DataManager][LoadConf] Trying to load data configuration from file: [\conf\FIPWebREGIONI.json]
10:06:39.962 [main] ERROR Logging.WPLogger - [Data.DataManager][LoadConf] FAILED - File not found exception : FILE [\conf\FIPWebREGIONI.json]
10:06:39.962 [main] INFO  Logging.WPLogger - [Data.DataManager][LoadConf] Load data configuration complete
10:20:23.084 [main] INFO  Logging.WPLogger - [Data.DataManager][LoadConf] Trying to load data configuration from file: [\conf\FIPWebREGIONI.json]
10:20:23.091 [main] ERROR Logging.WPLogger - [Data.DataManager][LoadConf] FAILED - Parse Exception : FILE [\conf\FIPWebREGIONI.json]
10:20:23.091 [main] INFO  Logging.WPLogger - [Data.DataManager][LoadConf] Load data configuration complete
10:45:01.094 [main] INFO  Logging.WPLogger - [Data.DataManager][LoadConf] Trying to load data configuration from file: [\conf\FIPWebREGIONI.json]
10:45:01.102 [main] ERROR Logging.WPLogger - [Data.DataManager][LoadConf] FAILED - Parse Exception : FILE [\conf\FIPWebREGIONI.json]
10:45:01.102 [main] INFO  Logging.WPLogger - [Data.DataManager][LoadConf] Load data configuration complete
10:49:13.236 [main] INFO  Logging.WPLogger - [Data.DataManager][LoadConf] Trying to load data configuration from file: [\conf\FIPWebREGIONI.json]
10:49:28.227 [main] INFO  Logging.WPLogger - [Data.DataManager][LoadConf] Trying to load data configuration from file: [\conf\FIPWebREGIONI.json]
10:49:28.230 [main] ERROR Logging.WPLogger - [Data.DataManager][LoadConf] FAILED - File not found exception : FILE [\conf\FIPWebREGIONI.json]
10:49:28.230 [main] INFO  Logging.WPLogger - [Data.DataManager][LoadConf] Load data configuration complete
10:49:52.276 [main] INFO  Logging.WPLogger - [Data.DataManager][LoadConf] Trying to load data configuration from file: [\conf\FIPWebREGIONI.json]
10:50:34.164 [main] INFO  Logging.WPLogger - [Data.DataManager][LoadConf] Trying to load data configuration from file: [\conf\FIPWebREGIONI.json]
10:50:34.172 [main] INFO  Logging.WPLogger - [Data.DataManager][LoadConf] Added Regione: [Abruzzo]
10:50:34.173 [main] INFO  Logging.WPLogger - [Data.DataManager][LoadConf] Added Regione: [Basilicata]
10:50:34.173 [main] INFO  Logging.WPLogger - [Data.DataManager][LoadConf] Added Regione: [Calabria]
10:50:34.173 [main] INFO  Logging.WPLogger - [Data.DataManager][LoadConf] Added Regione: [Campania]
10:50:34.173 [main] INFO  Logging.WPLogger - [Data.DataManager][LoadConf] Added Regione: [Emilia Romagna]
10:50:34.173 [main] INFO  Logging.WPLogger - [Data.DataManager][LoadConf] Added Regione: [Friuli Venezia Giulia]
10:50:34.173 [main] INFO  Logging.WPLogger - [Data.DataManager][LoadConf] Added Regione: [Lazio]
10:50:34.173 [main] INFO  Logging.WPLogger - [Data.DataManager][LoadConf] Added Regione: [Liguria]
10:50:34.174 [main] INFO  Logging.WPLogger - [Data.DataManager][LoadConf] Added Regione: [Lombardia]
10:50:34.174 [main] INFO  Logging.WPLogger - [Data.DataManager][LoadConf] Added Regione: [Marche]
10:50:34.174 [main] INFO  Logging.WPLogger - [Data.DataManager][LoadConf] Added Regione: [Molise]
10:50:34.174 [main] INFO  Logging.WPLogger - [Data.DataManager][LoadConf] Added Regione: [Piemonte]
10:50:34.174 [main] INFO  Logging.WPLogger - [Data.DataManager][LoadConf] Added Regione: [Puglia]
10:50:34.174 [main] INFO  Logging.WPLogger - [Data.DataManager][LoadConf] Added Regione: [Sardegna]
10:50:34.174 [main] INFO  Logging.WPLogger - [Data.DataManager][LoadConf] Added Regione: [Sicilia]
10:50:34.174 [main] INFO  Logging.WPLogger - [Data.DataManager][LoadConf] Added Regione: [Toscana]
10:50:34.175 [main] INFO  Logging.WPLogger - [Data.DataManager][LoadConf] Added Regione: [Trentino Alto Adige]
10:50:34.175 [main] INFO  Logging.WPLogger - [Data.DataManager][LoadConf] Added Regione: [Umbria]
10:50:34.175 [main] INFO  Logging.WPLogger - [Data.DataManager][LoadConf] Added Regione: [Valle d'Aosta]
10:50:34.175 [main] INFO  Logging.WPLogger - [Data.DataManager][LoadConf] Added Regione: [Veneto]
10:50:34.175 [main] INFO  Logging.WPLogger - [Data.DataManager][LoadConf] Load data configuration complete
10:50:45.031 [main] INFO  Logging.WPLogger - [Data.DataManager][LoadConf] Trying to load data configuration from file: [\conf\FIPWebREGIONI.json]
10:56:49.529 [main] INFO  Logging.WPLogger - [Data.DataManager][LoadConf] Trying to load data configuration from file: [\conf\FIPWebREGIONI.json]
10:56:49.537 [main] INFO  Logging.WPLogger - [Data.DataManager][LoadConf] Added Regione: [Abruzzo]
10:56:49.537 [main] INFO  Logging.WPLogger - [Data.DataManager][LoadConf] Added Regione: [Basilicata]
10:56:49.537 [main] INFO  Logging.WPLogger - [Data.DataManager][LoadConf] Added Regione: [Calabria]
10:56:49.538 [main] INFO  Logging.WPLogger - [Data.DataManager][LoadConf] Added Regione: [Campania]
10:56:49.538 [main] INFO  Logging.WPLogger - [Data.DataManager][LoadConf] Added Regione: [Emilia Romagna]
10:56:49.538 [main] INFO  Logging.WPLogger - [Data.DataManager][LoadConf] Added Regione: [Friuli Venezia Giulia]
10:56:49.538 [main] INFO  Logging.WPLogger - [Data.DataManager][LoadConf] Added Regione: [Lazio]
10:56:49.538 [main] INFO  Logging.WPLogger - [Data.DataManager][LoadConf] Added Regione: [Liguria]
10:56:49.538 [main] INFO  Logging.WPLogger - [Data.DataManager][LoadConf] Added Regione: [Lombardia]
10:56:49.538 [main] INFO  Logging.WPLogger - [Data.DataManager][LoadConf] Added Regione: [Marche]
10:56:49.538 [main] INFO  Logging.WPLogger - [Data.DataManager][LoadConf] Added Regione: [Molise]
10:56:49.539 [main] INFO  Logging.WPLogger - [Data.DataManager][LoadConf] Added Regione: [Piemonte]
10:56:49.539 [main] INFO  Logging.WPLogger - [Data.DataManager][LoadConf] Added Regione: [Puglia]
10:56:49.539 [main] INFO  Logging.WPLogger - [Data.DataManager][LoadConf] Added Regione: [Sardegna]
10:56:49.539 [main] INFO  Logging.WPLogger - [Data.DataManager][LoadConf] Added Regione: [Sicilia]
10:56:49.539 [main] INFO  Logging.WPLogger - [Data.DataManager][LoadConf] Added Regione: [Toscana]
10:56:49.539 [main] INFO  Logging.WPLogger - [Data.DataManager][LoadConf] Added Regione: [Trentino Alto Adige]
10:56:49.539 [main] INFO  Logging.WPLogger - [Data.DataManager][LoadConf] Added Regione: [Umbria]
10:56:49.539 [main] INFO  Logging.WPLogger - [Data.DataManager][LoadConf] Added Regione: [Valle d'Aosta]
10:56:49.539 [main] INFO  Logging.WPLogger - [Data.DataManager][LoadConf] Added Regione: [Veneto]
10:56:49.539 [main] INFO  Logging.WPLogger - [Data.DataManager][LoadConf] Load data configuration complete
10:57:01.656 [main] INFO  Logging.WPLogger - [Data.DataManager][LoadConf] Trying to load data configuration from file: [\conf\FIPWebREGIONI.json]
10:57:01.666 [main] INFO  Logging.WPLogger - [Data.DataManager][LoadConf] Added Regione: [Abruzzo]
10:57:01.666 [main] INFO  Logging.WPLogger - [Data.DataManager][LoadConf] Added Regione: [Basilicata]
10:57:01.666 [main] INFO  Logging.WPLogger - [Data.DataManager][LoadConf] Added Regione: [Calabria]
10:57:01.666 [main] INFO  Logging.WPLogger - [Data.DataManager][LoadConf] Added Regione: [Campania]
10:57:01.666 [main] INFO  Logging.WPLogger - [Data.DataManager][LoadConf] Added Regione: [Emilia Romagna]
10:57:01.666 [main] INFO  Logging.WPLogger - [Data.DataManager][LoadConf] Added Regione: [Friuli Venezia Giulia]
10:57:01.666 [main] INFO  Logging.WPLogger - [Data.DataManager][LoadConf] Added Regione: [Lazio]
10:57:01.666 [main] INFO  Logging.WPLogger - [Data.DataManager][LoadConf] Added Regione: [Liguria]
10:57:01.667 [main] INFO  Logging.WPLogger - [Data.DataManager][LoadConf] Added Regione: [Lombardia]
10:57:01.667 [main] INFO  Logging.WPLogger - [Data.DataManager][LoadConf] Added Regione: [Marche]
10:57:01.667 [main] INFO  Logging.WPLogger - [Data.DataManager][LoadConf] Added Regione: [Molise]
10:57:01.667 [main] INFO  Logging.WPLogger - [Data.DataManager][LoadConf] Added Regione: [Piemonte]
10:57:01.667 [main] INFO  Logging.WPLogger - [Data.DataManager][LoadConf] Added Regione: [Puglia]
10:57:01.667 [main] INFO  Logging.WPLogger - [Data.DataManager][LoadConf] Added Regione: [Sardegna]
10:57:01.667 [main] INFO  Logging.WPLogger - [Data.DataManager][LoadConf] Added Regione: [Sicilia]
10:57:01.667 [main] INFO  Logging.WPLogger - [Data.DataManager][LoadConf] Added Regione: [Toscana]
10:57:01.668 [main] INFO  Logging.WPLogger - [Data.DataManager][LoadConf] Added Regione: [Trentino Alto Adige]
10:57:01.668 [main] INFO  Logging.WPLogger - [Data.DataManager][LoadConf] Added Regione: [Umbria]
10:57:01.668 [main] INFO  Logging.WPLogger - [Data.DataManager][LoadConf] Added Regione: [Valle d'Aosta]
10:57:01.668 [main] INFO  Logging.WPLogger - [Data.DataManager][LoadConf] Added Regione: [Veneto]
10:57:01.668 [main] INFO  Logging.WPLogger - [Data.DataManager][LoadConf] Load data configuration complete
11:00:07.190 [main] INFO  Logging.WPLogger - [Data.DataManager][LoadConf] Trying to load data configuration from file: [\conf\FIPWebREGIONI.json]
11:01:25.751 [main] INFO  Logging.WPLogger - [Data.DataManager][LoadConf] Trying to load data configuration from file: [\conf\FIPWebREGIONI.json]
11:01:25.760 [main] INFO  Logging.WPLogger - [Data.DataManager][LoadConf] Added Regione: [Abruzzo]
11:01:25.760 [main] INFO  Logging.WPLogger - [Data.DataManager][LoadConf] Added Regione: [Basilicata]
11:01:25.760 [main] INFO  Logging.WPLogger - [Data.DataManager][LoadConf] Added Regione: [Calabria]
11:01:25.760 [main] INFO  Logging.WPLogger - [Data.DataManager][LoadConf] Added Regione: [Campania]
11:01:25.761 [main] INFO  Logging.WPLogger - [Data.DataManager][LoadConf] Added Regione: [Emilia Romagna]
11:01:25.761 [main] INFO  Logging.WPLogger - [Data.DataManager][LoadConf] Added Regione: [Friuli Venezia Giulia]
11:01:25.761 [main] INFO  Logging.WPLogger - [Data.DataManager][LoadConf] Added Regione: [Lazio]
11:01:25.761 [main] INFO  Logging.WPLogger - [Data.DataManager][LoadConf] Added Regione: [Liguria]
11:01:25.761 [main] INFO  Logging.WPLogger - [Data.DataManager][LoadConf] Added Regione: [Lombardia]
11:01:25.761 [main] INFO  Logging.WPLogger - [Data.DataManager][LoadConf] Added Regione: [Marche]
11:01:25.761 [main] INFO  Logging.WPLogger - [Data.DataManager][LoadConf] Added Regione: [Molise]
11:01:25.761 [main] INFO  Logging.WPLogger - [Data.DataManager][LoadConf] Added Regione: [Piemonte]
11:01:25.761 [main] INFO  Logging.WPLogger - [Data.DataManager][LoadConf] Added Regione: [Puglia]
11:01:25.762 [main] INFO  Logging.WPLogger - [Data.DataManager][LoadConf] Added Regione: [Sardegna]
11:01:25.762 [main] INFO  Logging.WPLogger - [Data.DataManager][LoadConf] Added Regione: [Sicilia]
11:01:25.762 [main] INFO  Logging.WPLogger - [Data.DataManager][LoadConf] Added Regione: [Toscana]
11:01:25.762 [main] INFO  Logging.WPLogger - [Data.DataManager][LoadConf] Added Regione: [Trentino Alto Adige]
11:01:25.762 [main] INFO  Logging.WPLogger - [Data.DataManager][LoadConf] Added Regione: [Umbria]
11:01:25.762 [main] INFO  Logging.WPLogger - [Data.DataManager][LoadConf] Added Regione: [Valle d'Aosta]
11:01:25.762 [main] INFO  Logging.WPLogger - [Data.DataManager][LoadConf] Added Regione: [Veneto]
11:01:25.762 [main] INFO  Logging.WPLogger - [Data.DataManager][LoadConf] Load data configuration complete
11:01:48.568 [main] INFO  Logging.WPLogger - [Data.DataManager][LoadConf] Trying to load data configuration from file: [\conf\FIPWebREGIONI.json]
11:01:48.576 [main] INFO  Logging.WPLogger - [Data.DataManager][LoadConf] Added Regione: [Abruzzo]
11:01:48.576 [main] INFO  Logging.WPLogger - [Data.DataManager][LoadConf] Added Regione: [Basilicata]
11:01:48.576 [main] INFO  Logging.WPLogger - [Data.DataManager][LoadConf] Added Regione: [Calabria]
11:01:48.576 [main] INFO  Logging.WPLogger - [Data.DataManager][LoadConf] Added Regione: [Campania]
11:01:48.576 [main] INFO  Logging.WPLogger - [Data.DataManager][LoadConf] Added Regione: [Emilia Romagna]
11:01:48.577 [main] INFO  Logging.WPLogger - [Data.DataManager][LoadConf] Added Regione: [Friuli Venezia Giulia]
11:01:48.577 [main] INFO  Logging.WPLogger - [Data.DataManager][LoadConf] Added Regione: [Lazio]
11:01:48.577 [main] INFO  Logging.WPLogger - [Data.DataManager][LoadConf] Added Regione: [Liguria]
11:01:48.577 [main] INFO  Logging.WPLogger - [Data.DataManager][LoadConf] Added Regione: [Lombardia]
11:01:48.577 [main] INFO  Logging.WPLogger - [Data.DataManager][LoadConf] Added Regione: [Marche]
11:01:48.577 [main] INFO  Logging.WPLogger - [Data.DataManager][LoadConf] Added Regione: [Molise]
11:01:48.577 [main] INFO  Logging.WPLogger - [Data.DataManager][LoadConf] Added Regione: [Piemonte]
11:01:48.577 [main] INFO  Logging.WPLogger - [Data.DataManager][LoadConf] Added Regione: [Puglia]
11:01:48.577 [main] INFO  Logging.WPLogger - [Data.DataManager][LoadConf] Added Regione: [Sardegna]
11:01:48.577 [main] INFO  Logging.WPLogger - [Data.DataManager][LoadConf] Added Regione: [Sicilia]
11:01:48.578 [main] INFO  Logging.WPLogger - [Data.DataManager][LoadConf] Added Regione: [Toscana]
11:01:48.578 [main] INFO  Logging.WPLogger - [Data.DataManager][LoadConf] Added Regione: [Trentino Alto Adige]
11:01:48.578 [main] INFO  Logging.WPLogger - [Data.DataManager][LoadConf] Added Regione: [Umbria]
11:01:48.578 [main] INFO  Logging.WPLogger - [Data.DataManager][LoadConf] Added Regione: [Valle d'Aosta]
11:01:48.578 [main] INFO  Logging.WPLogger - [Data.DataManager][LoadConf] Added Regione: [Veneto]
11:01:48.578 [main] INFO  Logging.WPLogger - [Data.DataManager][LoadConf] Load data configuration complete
11:02:19.873 [main] INFO  Logging.WPLogger - [Data.DataManager][LoadConf] Trying to load data configuration from file: [\conf\FIPWebREGIONI.json]
11:02:19.882 [main] INFO  Logging.WPLogger - [Data.DataManager][LoadConf] Added Regione: [Abruzzo]
11:02:19.882 [main] INFO  Logging.WPLogger - [Data.DataManager][LoadConf] Added Regione: [Basilicata]
11:02:19.882 [main] INFO  Logging.WPLogger - [Data.DataManager][LoadConf] Added Regione: [Calabria]
11:02:19.882 [main] INFO  Logging.WPLogger - [Data.DataManager][LoadConf] Added Regione: [Campania]
11:02:19.882 [main] INFO  Logging.WPLogger - [Data.DataManager][LoadConf] Added Regione: [Emilia Romagna]
11:02:19.882 [main] INFO  Logging.WPLogger - [Data.DataManager][LoadConf] Added Regione: [Friuli Venezia Giulia]
11:02:19.882 [main] INFO  Logging.WPLogger - [Data.DataManager][LoadConf] Added Regione: [Lazio]
11:02:19.882 [main] INFO  Logging.WPLogger - [Data.DataManager][LoadConf] Added Regione: [Liguria]
11:02:19.882 [main] INFO  Logging.WPLogger - [Data.DataManager][LoadConf] Added Regione: [Lombardia]
11:02:19.882 [main] INFO  Logging.WPLogger - [Data.DataManager][LoadConf] Added Regione: [Marche]
11:02:19.883 [main] INFO  Logging.WPLogger - [Data.DataManager][LoadConf] Added Regione: [Molise]
11:02:19.883 [main] INFO  Logging.WPLogger - [Data.DataManager][LoadConf] Added Regione: [Piemonte]
11:02:19.883 [main] INFO  Logging.WPLogger - [Data.DataManager][LoadConf] Added Regione: [Puglia]
11:02:19.883 [main] INFO  Logging.WPLogger - [Data.DataManager][LoadConf] Added Regione: [Sardegna]
11:02:19.883 [main] INFO  Logging.WPLogger - [Data.DataManager][LoadConf] Added Regione: [Sicilia]
11:02:19.883 [main] INFO  Logging.WPLogger - [Data.DataManager][LoadConf] Added Regione: [Toscana]
11:02:19.883 [main] INFO  Logging.WPLogger - [Data.DataManager][LoadConf] Added Regione: [Trentino Alto Adige]
11:02:19.883 [main] INFO  Logging.WPLogger - [Data.DataManager][LoadConf] Added Regione: [Umbria]
11:02:19.883 [main] INFO  Logging.WPLogger - [Data.DataManager][LoadConf] Added Regione: [Valle d'Aosta]
11:02:19.883 [main] INFO  Logging.WPLogger - [Data.DataManager][LoadConf] Added Regione: [Veneto]
11:02:19.883 [main] INFO  Logging.WPLogger - [Data.DataManager][LoadConf] Load data configuration complete
11:03:49.102 [main] INFO  Logging.WPLogger - [Data.DataManager][LoadConf] Trying to load data configuration from file: [\conf\FIPWebREGIONI.json]
11:03:49.112 [main] INFO  Logging.WPLogger - [Data.DataManager][LoadConf] Added Regione: [Abruzzo]
11:03:49.112 [main] INFO  Logging.WPLogger - [Data.DataManager][LoadConf] Added Regione: [Basilicata]
11:03:49.112 [main] INFO  Logging.WPLogger - [Data.DataManager][LoadConf] Added Regione: [Calabria]
11:03:49.113 [main] INFO  Logging.WPLogger - [Data.DataManager][LoadConf] Added Regione: [Campania]
11:03:49.113 [main] INFO  Logging.WPLogger - [Data.DataManager][LoadConf] Added Regione: [Emilia Romagna]
11:03:49.113 [main] INFO  Logging.WPLogger - [Data.DataManager][LoadConf] Added Regione: [Friuli Venezia Giulia]
11:03:49.113 [main] INFO  Logging.WPLogger - [Data.DataManager][LoadConf] Added Regione: [Lazio]
11:03:49.113 [main] INFO  Logging.WPLogger - [Data.DataManager][LoadConf] Added Regione: [Liguria]
11:03:49.113 [main] INFO  Logging.WPLogger - [Data.DataManager][LoadConf] Added Regione: [Lombardia]
11:03:49.113 [main] INFO  Logging.WPLogger - [Data.DataManager][LoadConf] Added Regione: [Marche]
11:03:49.113 [main] INFO  Logging.WPLogger - [Data.DataManager][LoadConf] Added Regione: [Molise]
11:03:49.113 [main] INFO  Logging.WPLogger - [Data.DataManager][LoadConf] Added Regione: [Piemonte]
11:03:49.113 [main] INFO  Logging.WPLogger - [Data.DataManager][LoadConf] Added Regione: [Puglia]
11:03:49.113 [main] INFO  Logging.WPLogger - [Data.DataManager][LoadConf] Added Regione: [Sardegna]
11:03:49.114 [main] INFO  Logging.WPLogger - [Data.DataManager][LoadConf] Added Regione: [Sicilia]
11:03:49.114 [main] INFO  Logging.WPLogger - [Data.DataManager][LoadConf] Added Regione: [Toscana]
11:03:49.114 [main] INFO  Logging.WPLogger - [Data.DataManager][LoadConf] Added Regione: [Trentino Alto Adige]
11:03:49.114 [main] INFO  Logging.WPLogger - [Data.DataManager][LoadConf] Added Regione: [Umbria]
11:03:49.114 [main] INFO  Logging.WPLogger - [Data.DataManager][LoadConf] Added Regione: [Valle d'Aosta]
11:03:49.114 [main] INFO  Logging.WPLogger - [Data.DataManager][LoadConf] Added Regione: [Veneto]
11:03:49.114 [main] INFO  Logging.WPLogger - [Data.DataManager][LoadConf] Load data configuration complete
11:14:25.255 [main] INFO  Logging.WPLogger - [Data.DataManager][LoadConf] Trying to load data configuration from file: [\conf\FIPWebREGIONI.json]
11:14:25.276 [main] INFO  Logging.WPLogger - [Data.DataManager][LoadConf] Added Regione: [Abruzzo]
11:14:25.277 [main] INFO  Logging.WPLogger - [Data.DataManager][LoadConf] Added Regione: [Basilicata]
11:14:25.277 [main] INFO  Logging.WPLogger - [Data.DataManager][LoadConf] Added Regione: [Calabria]
11:14:25.277 [main] INFO  Logging.WPLogger - [Data.DataManager][LoadConf] Added Regione: [Campania]
11:14:25.277 [main] INFO  Logging.WPLogger - [Data.DataManager][LoadConf] Added Regione: [Emilia Romagna]
11:14:25.277 [main] INFO  Logging.WPLogger - [Data.DataManager][LoadConf] Added Regione: [Friuli Venezia Giulia]
11:14:25.277 [main] INFO  Logging.WPLogger - [Data.DataManager][LoadConf] Added Regione: [Lazio]
11:14:25.277 [main] INFO  Logging.WPLogger - [Data.DataManager][LoadConf] Added Regione: [Liguria]
11:14:25.277 [main] INFO  Logging.WPLogger - [Data.DataManager][LoadConf] Added Regione: [Lombardia]
11:14:25.277 [main] INFO  Logging.WPLogger - [Data.DataManager][LoadConf] Added Regione: [Marche]
11:14:25.277 [main] INFO  Logging.WPLogger - [Data.DataManager][LoadConf] Added Regione: [Molise]
11:14:25.278 [main] INFO  Logging.WPLogger - [Data.DataManager][LoadConf] Added Regione: [Piemonte]
11:14:25.278 [main] INFO  Logging.WPLogger - [Data.DataManager][LoadConf] Added Regione: [Puglia]
11:14:25.278 [main] INFO  Logging.WPLogger - [Data.DataManager][LoadConf] Added Regione: [Sardegna]
11:14:25.278 [main] INFO  Logging.WPLogger - [Data.DataManager][LoadConf] Added Regione: [Sicilia]
11:14:25.278 [main] INFO  Logging.WPLogger - [Data.DataManager][LoadConf] Added Regione: [Toscana]
11:14:25.278 [main] INFO  Logging.WPLogger - [Data.DataManager][LoadConf] Added Regione: [Trentino Alto Adige]
11:14:25.278 [main] INFO  Logging.WPLogger - [Data.DataManager][LoadConf] Added Regione: [Umbria]
11:14:25.278 [main] INFO  Logging.WPLogger - [Data.DataManager][LoadConf] Added Regione: [Valle d'Aosta]
11:14:25.278 [main] INFO  Logging.WPLogger - [Data.DataManager][LoadConf] Added Regione: [Veneto]
11:14:25.278 [main] INFO  Logging.WPLogger - [Data.DataManager][LoadConf] Load data configuration complete
11:17:22.111 [main] INFO  Logging.WPLogger - [Data.DataManager][LoadConf] Trying to load data configuration from file: [\conf\FIPWebREGIONI.json]
11:17:29.987 [main] INFO  Logging.WPLogger - [Data.DataManager][LoadConf] Added Regione: [Abruzzo]
11:17:29.988 [main] INFO  Logging.WPLogger - [Data.DataManager][LoadConf] Added Regione: [Basilicata]
11:17:29.988 [main] INFO  Logging.WPLogger - [Data.DataManager][LoadConf] Added Regione: [Calabria]
11:17:29.988 [main] INFO  Logging.WPLogger - [Data.DataManager][LoadConf] Added Regione: [Campania]
11:17:29.988 [main] INFO  Logging.WPLogger - [Data.DataManager][LoadConf] Added Regione: [Emilia Romagna]
11:17:29.988 [main] INFO  Logging.WPLogger - [Data.DataManager][LoadConf] Added Regione: [Friuli Venezia Giulia]
11:17:29.988 [main] INFO  Logging.WPLogger - [Data.DataManager][LoadConf] Added Regione: [Lazio]
11:17:29.988 [main] INFO  Logging.WPLogger - [Data.DataManager][LoadConf] Added Regione: [Liguria]
11:17:29.988 [main] INFO  Logging.WPLogger - [Data.DataManager][LoadConf] Added Regione: [Lombardia]
11:17:29.989 [main] INFO  Logging.WPLogger - [Data.DataManager][LoadConf] Added Regione: [Marche]
11:17:29.989 [main] INFO  Logging.WPLogger - [Data.DataManager][LoadConf] Added Regione: [Molise]
11:17:29.989 [main] INFO  Logging.WPLogger - [Data.DataManager][LoadConf] Added Regione: [Piemonte]
11:17:29.989 [main] INFO  Logging.WPLogger - [Data.DataManager][LoadConf] Added Regione: [Puglia]
11:17:29.989 [main] INFO  Logging.WPLogger - [Data.DataManager][LoadConf] Added Regione: [Sardegna]
11:17:29.989 [main] INFO  Logging.WPLogger - [Data.DataManager][LoadConf] Added Regione: [Sicilia]
11:17:29.989 [main] INFO  Logging.WPLogger - [Data.DataManager][LoadConf] Added Regione: [Toscana]
11:17:29.989 [main] INFO  Logging.WPLogger - [Data.DataManager][LoadConf] Added Regione: [Trentino Alto Adige]
11:17:29.989 [main] INFO  Logging.WPLogger - [Data.DataManager][LoadConf] Added Regione: [Umbria]
11:17:29.990 [main] INFO  Logging.WPLogger - [Data.DataManager][LoadConf] Added Regione: [Valle d'Aosta]
11:17:29.990 [main] INFO  Logging.WPLogger - [Data.DataManager][LoadConf] Added Regione: [Veneto]
11:17:29.990 [main] INFO  Logging.WPLogger - [Data.DataManager][LoadConf] Load data configuration complete
16:41:54.624 [main] INFO  Logging.WPLogger - [Data.DataManager][LoadConf] Trying to load data configuration from file: [\conf\FIPWebREGIONI.json]
16:41:55.074 [main] INFO  Logging.WPLogger - [Data.DataManager][LoadConf] Added Regione: [Abruzzo]
16:41:55.074 [main] INFO  Logging.WPLogger - [Data.DataManager][LoadConf] Added Regione: [Basilicata]
16:41:55.074 [main] INFO  Logging.WPLogger - [Data.DataManager][LoadConf] Added Regione: [Calabria]
16:41:55.074 [main] INFO  Logging.WPLogger - [Data.DataManager][LoadConf] Added Regione: [Campania]
16:41:55.074 [main] INFO  Logging.WPLogger - [Data.DataManager][LoadConf] Added Regione: [Emilia Romagna]
16:41:55.074 [main] INFO  Logging.WPLogger - [Data.DataManager][LoadConf] Added Regione: [Friuli Venezia Giulia]
16:41:55.075 [main] INFO  Logging.WPLogger - [Data.DataManager][LoadConf] Added Regione: [Lazio]
16:41:55.075 [main] INFO  Logging.WPLogger - [Data.DataManager][LoadConf] Added Regione: [Liguria]
16:41:55.075 [main] INFO  Logging.WPLogger - [Data.DataManager][LoadConf] Added Regione: [Lombardia]
16:41:55.075 [main] INFO  Logging.WPLogger - [Data.DataManager][LoadConf] Added Regione: [Marche]
16:41:55.075 [main] INFO  Logging.WPLogger - [Data.DataManager][LoadConf] Added Regione: [Molise]
16:41:55.075 [main] INFO  Logging.WPLogger - [Data.DataManager][LoadConf] Added Regione: [Piemonte]
16:41:55.075 [main] INFO  Logging.WPLogger - [Data.DataManager][LoadConf] Added Regione: [Puglia]
16:41:55.075 [main] INFO  Logging.WPLogger - [Data.DataManager][LoadConf] Added Regione: [Sardegna]
16:41:55.075 [main] INFO  Logging.WPLogger - [Data.DataManager][LoadConf] Added Regione: [Sicilia]
16:41:55.075 [main] INFO  Logging.WPLogger - [Data.DataManager][LoadConf] Added Regione: [Toscana]
16:41:55.076 [main] INFO  Logging.WPLogger - [Data.DataManager][LoadConf] Added Regione: [Trentino Alto Adige]
16:41:55.076 [main] INFO  Logging.WPLogger - [Data.DataManager][LoadConf] Added Regione: [Umbria]
16:41:55.076 [main] INFO  Logging.WPLogger - [Data.DataManager][LoadConf] Added Regione: [Valle d'Aosta]
16:41:55.076 [main] INFO  Logging.WPLogger - [Data.DataManager][LoadConf] Added Regione: [Veneto]
16:41:55.076 [main] INFO  Logging.WPLogger - [Data.DataManager][LoadConf] Load data configuration complete
10:01:30.696 [main] INFO  Logging.WPLogger - [WPUtils.WPUtils][SaveGame] Trying to save game: [1243]
10:01:30.736 [main] INFO  Logging.WPLogger - [WPUtils.WPUtils][SetJSONOnWP] Trying to add: [{"acf":[null,null,null,null,null,null,null,null,null],"type":"games","title":true,"slug":"rto_fi_1234","status":"publish"}]
10:01:32.693 [main] ERROR Logging.WPLogger - [WPUtils.WPUtils][SetJSONOnWP] FAILED - HTTP error code : [401]
10:11:21.748 [main] INFO  Logging.WPLogger - [WPUtils.WPUtils][SaveGame] Games Added correctly
10:22:03.865 [main] INFO  Logging.WPLogger - [WPUtils.WPUtils][SaveGame] Games Added correctly
10:22:43.522 [main] INFO  Logging.WPLogger - [WPUtils.WPUtils][SaveGame] Games Added correctly
10:25:12.191 [main] INFO  Logging.WPLogger - [WPUtils.WPUtils][SaveGame] Games Added correctly
10:42:46.894 [main] INFO  Logging.WPLogger - [WPUtils.WPUtils][SaveGame] Games Added correctly
10:46:43.840 [main] INFO  Logging.WPLogger - [WPUtils.WPUtils][SaveGame] Games Added correctly
10:47:34.919 [main] INFO  Logging.WPLogger - [WPUtils.WPUtils][SaveGame] Games Added correctly
10:55:58.269 [main] INFO  Logging.WPLogger - [WPUtils.WPUtils][SaveGame] Trying to save game: [1324]
10:55:58.273 [main] INFO  Logging.WPLogger - [WPUtils.WPUtils][SetJSONOnWP] Trying to add: [{"acf":[null,null,null,null,null,null,null,null,null],"type":"games","title":{"rendered":"rto_fi_1234"},"slug":"rto_fi_1234","status":"publish"}]
10:55:59.817 [main] INFO  Logging.WPLogger - [WPUtils.WPUtils][SetJSONOnWP] Complete : []
10:55:59.817 [main] INFO  Logging.WPLogger - [WPUtils.WPUtils][SaveGame] Games Added correctly
10:58:26.114 [main] INFO  Logging.WPLogger - [WPUtils.WPUtils][SaveGame] Trying to save game: [1324]
10:58:26.118 [main] INFO  Logging.WPLogger - [WPUtils.WPUtils][SetJSONOnWP] Trying to add: [{"acf":[null,null,null,null,null,null,null,null,null],"type":"games","title":{"rendered":"rto_fi_1234"},"slug":"rto_fi_1234","status":"publish"}]
10:58:27.236 [main] INFO  Logging.WPLogger - [WPUtils.WPUtils][SetJSONOnWP] Complete : []
10:58:27.237 [main] INFO  Logging.WPLogger - [WPUtils.WPUtils][SaveGame] Games Added correctly
11:00:54.857 [main] INFO  Logging.WPLogger - [WPUtils.WPUtils][SaveGame] Trying to save game: [1324]
11:00:54.860 [main] INFO  Logging.WPLogger - [WPUtils.WPUtils][SetJSONOnWP] Trying to add: [{"acf":[null,null,null,null,null,null,null,null,null],"type":"games","title":{"rendered":"rto_fi_1234"},"slug":"rto_fi_1234","status":"publish"}]
11:00:55.867 [main] INFO  Logging.WPLogger - [WPUtils.WPUtils][SetJSONOnWP] Complete : []
11:00:55.867 [main] INFO  Logging.WPLogger - [WPUtils.WPUtils][SaveGame] Games Added correctly
11:01:56.025 [main] INFO  Logging.WPLogger - [WPUtils.WPUtils][SaveGame] Trying to save game: [1324]
11:01:56.028 [main] INFO  Logging.WPLogger - [WPUtils.WPUtils][SetJSONOnWP] Trying to add: [{"acf":[null,null,null,null,null,null,null,null,null],"type":"games","title":{"rendered":"rto_fi_1234"},"slug":"rto_fi_1234","status":"publish"}]
11:01:58.317 [main] INFO  Logging.WPLogger - [WPUtils.WPUtils][SetJSONOnWP] Complete : []
11:01:58.317 [main] INFO  Logging.WPLogger - [WPUtils.WPUtils][SaveGame] Games Added correctly
